68/app/build/intermediates/manifest_merge_blame_file/debug/manifest-merger-blame-debug-report.txt
1<?xml version="1.0" encoding="utf-8"?>
2<manifest xmlns:android="http://schemas.android.com/apk/res/android"
3    package="com.danielkim.soundrecorder"
4    android:versionCode="130"
5    android:versionName="1.3.0" >
6
7    <uses-sdk
8        android:minSdkVersion="16"
8-->src\main\AndroidManifest.xml
9        android:targetSdkVersion="21" />
9-->src\main\AndroidManifest.xml
10
11    <uses-permission android:name="android.permission.RECORD_AUDIO" />
11-->src\main\AndroidManifest.xml:5:5-71
11-->src\main\AndroidManifest.xml:5:22-68
12    <uses-permission android:name="android.permission.WRITE_EXTERNAL_STORAGE" />
12-->src\main\AndroidManifest.xml:6:5-81
12-->src\main\AndroidManifest.xml:6:22-78
13
14    <application
14-->src\main\AndroidManifest.xml:8:5-42:19
15        android:allowBackup="true"
15-->src\main\AndroidManifest.xml:9:9-35
16        android:debuggable="true"
17        android:icon="@drawable/ic_launcher"
17-->src\main\AndroidManifest.xml:10:9-45
18        android:label="@string/app_name"
18-->src\main\AndroidManifest.xml:11:9-41
19        android:testOnly="true"
20        android:theme="@style/AppTheme" >
20-->src\main\AndroidManifest.xml:12:9-40
21        <activity
21-->src\main\AndroidManifest.xml:13:9-22:20
22            android:name="com.danielkim.soundrecorder.activities.MainActivity"
22-->src\main\AndroidManifest.xml:14:13-52
23            android:label="@string/app_name"
23-->src\main\AndroidManifest.xml:16:13-45
24            android:screenOrientation="portrait" >
24-->src\main\AndroidManifest.xml:15:13-49
25            <intent-filter>
25-->src\main\AndroidManifest.xml:17:13-21:29
26                <action android:name="android.intent.action.MAIN" />
26-->src\main\AndroidManifest.xml:18:17-69
26-->src\main\AndroidManifest.xml:18:25-66
27
28                <category android:name="android.intent.category.LAUNCHER" />
28-->src\main\AndroidManifest.xml:20:17-77
28-->src\main\AndroidManifest.xml:20:27-74
29            </intent-filter>
30        </activity>
31        <activity
31-->src\main\AndroidManifest.xml:23:9-31:20
32            android:name="com.danielkim.soundrecorder.activities.SettingsActivity"
32-->src\main\AndroidManifest.xml:24:13-56
33            android:label="@string/action_settings"
33-->src\main\AndroidManifest.xml:26:13-52
34            android:parentActivityName="com.danielkim.soundrecorder.activities.MainActivity"
34-->src\main\AndroidManifest.xml:27:13-66
35            android:screenOrientation="portrait" >
35-->src\main\AndroidManifest.xml:25:13-49
36            <meta-data
36-->src\main\AndroidManifest.xml:28:13-30:87
37                android:name="android.support.PARENT_ACTIVITY"
37-->src\main\AndroidManifest.xml:29:17-63
38                android:value="com.danielkim.soundrecorder.activities.MainActivity" />
38-->src\main\AndroidManifest.xml:30:17-84
39        </activity>
40
41        <provider
41-->src\main\AndroidManifest.xml:32:9-40:20
42            android:name="android.support.v4.content.FileProvider"
42-->src\main\AndroidManifest.xml:33:13-67
43            android:authorities="com.danielkim.soundrecorder.fileprovider"
43-->src\main\AndroidManifest.xml:34:13-75
44            android:exported="false"
44-->src\main\AndroidManifest.xml:36:13-37
45            android:grantUriPermissions="true" >
45-->src\main\AndroidManifest.xml:35:13-47
46            <meta-data
46-->src\main\AndroidManifest.xml:37:13-39:53
47                android:name="android.support.FILE_PROVIDER_PATHS"
47-->src\main\AndroidManifest.xml:38:17-67
48                android:resource="@xml/filepaths" />
48-->src\main\AndroidManifest.xml:39:17-50
49        </provider>
50
51        <service android:name="com.danielkim.soundrecorder.RecordingService" />
51-->src\main\AndroidManifest.xml:41:9-53
51-->src\main\AndroidManifest.xml:41:18-50
52
53        <activity
53-->[com.android.support:recyclerview-v7:21.0.3] AndroidManifest.xml:18:9-115
54            android:name="android.support.v7.widget.TestActivity"
54-->[com.android.support:recyclerview-v7:21.0.3] AndroidManifest.xml:18:60-113
55            android:label="RecyclerViewTestActivity" />
55-->[com.android.support:recyclerview-v7:21.0.3] AndroidManifest.xml:18:19-59
56    </application>
57
58</manifest>